140124  1:31:04 [Note] Plugin 'FEDERATED' is disabled.
140124  1:31:04 InnoDB: The InnoDB memory heap is disabled
140124  1:31:04 InnoDB: Mutexes and rw_locks use Windows interlocked functions
140124  1:31:04 InnoDB: Compressed tables use zlib 1.2.3
140124  1:31:04 InnoDB: Initializing buffer pool, size = 128.0M
140124  1:31:04 InnoDB: Completed initialization of buffer pool
InnoDB: The first specified data file .\ibdata1 did not exist:
InnoDB: a new database to be created!
140124  1:31:04  InnoDB: Setting file .\ibdata1 size to 10 MB
InnoDB: Database physically writes the file full: wait...
140124  1:31:05  InnoDB: Log file .\ib_logfile0 did not exist: new to be created
InnoDB: Setting log file .\ib_logfile0 size to 5 MB
InnoDB: Database physically writes the file full: wait...
140124  1:31:05  InnoDB: Log file .\ib_logfile1 did not exist: new to be created
InnoDB: Setting log file .\ib_logfile1 size to 5 MB
InnoDB: Database physically writes the file full: wait...
InnoDB: Doublewrite buffer not found: creating new
InnoDB: Doublewrite buffer created
InnoDB: 127 rollback segment(s) active.
InnoDB: Creating foreign key constraint system tables
InnoDB: Foreign key constraint system tables created
140124  1:31:06  InnoDB: Waiting for the background threads to start
140124  1:31:07 InnoDB: 1.1.8 started; log sequence number 0
140124  1:31:07 [Note] Server hostname (bind-address): '0.0.0.0'; port: 3306
140124  1:31:07 [Note]   - '0.0.0.0' resolves to '0.0.0.0';
140124  1:31:07 [Note] Server socket created on IP: '0.0.0.0'.
140124  1:31:07 [Note] Event Scheduler: Loaded 0 events
140124  1:31:07 [Note] bin\mysqld.exe: ready for connections.
Version: '5.5.28'  socket: ''  port: 3306  MySQL Community Server (GPL)
140124  1:32:31 [Note] Plugin 'FEDERATED' is disabled.
140124  1:32:31 InnoDB: The InnoDB memory heap is disabled
140124  1:32:31 InnoDB: Mutexes and rw_locks use Windows interlocked functions
140124  1:32:31 InnoDB: Compressed tables use zlib 1.2.3
140124  1:32:31 InnoDB: Initializing buffer pool, size = 128.0M
140124  1:32:31 InnoDB: Completed initialization of buffer pool
140124  1:32:31 InnoDB: highest supported file format is Barracuda.
InnoDB: The log sequence number in ibdata files does not match
InnoDB: the log sequence number in the ib_logfiles!
140124  1:32:31  InnoDB: Database was not shut down normally!
InnoDB: Starting crash recovery.
InnoDB: Reading tablespace information from the .ibd files...
InnoDB: Restoring possible half-written data pages from the doublewrite
InnoDB: buffer...
140124  1:32:32  InnoDB: Waiting for the background threads to start
140124  1:32:33 InnoDB: 1.1.8 started; log sequence number 1595675
140124  1:32:33 [Note] Server hostname (bind-address): '0.0.0.0'; port: 3306
140124  1:32:33 [Note]   - '0.0.0.0' resolves to '0.0.0.0';
140124  1:32:33 [Note] Server socket created on IP: '0.0.0.0'.
140124  1:32:33 [Note] Event Scheduler: Loaded 0 events
140124  1:32:33 [Note] bin\mysqld.exe: ready for connections.
Version: '5.5.28'  socket: ''  port: 3306  MySQL Community Server (GPL)
140124  2:13:36 [Note] Plugin 'FEDERATED' is disabled.
140124  2:13:36 InnoDB: The InnoDB memory heap is disabled
140124  2:13:36 InnoDB: Mutexes and rw_locks use Windows interlocked functions
140124  2:13:36 InnoDB: Compressed tables use zlib 1.2.3
140124  2:13:36 InnoDB: Initializing buffer pool, size = 128.0M
140124  2:13:36 InnoDB: Completed initialization of buffer pool
140124  2:13:36 InnoDB: highest supported file format is Barracuda.
InnoDB: The log sequence number in ibdata files does not match
InnoDB: the log sequence number in the ib_logfiles!
140124  2:13:36  InnoDB: Database was not shut down normally!
InnoDB: Starting crash recovery.
InnoDB: Reading tablespace information from the .ibd files...
InnoDB: Restoring possible half-written data pages from the doublewrite
InnoDB: buffer...
140124  2:13:36  InnoDB: Waiting for the background threads to start
140124  2:13:37 InnoDB: 1.1.8 started; log sequence number 2429930
140124  2:13:37 [Note] Server hostname (bind-address): '0.0.0.0'; port: 3306
140124  2:13:37 [Note]   - '0.0.0.0' resolves to '0.0.0.0';
140124  2:13:37 [Note] Server socket created on IP: '0.0.0.0'.
140124  2:13:37 [Note] Event Scheduler: Loaded 0 events
140124  2:13:37 [Note] mysql\bin\mysqld.exe: ready for connections.
Version: '5.5.28'  socket: ''  port: 3306  MySQL Community Server (GPL)
140423 12:50:29 [Note] Plugin 'FEDERATED' is disabled.
140423 12:50:29 InnoDB: The InnoDB memory heap is disabled
140423 12:50:29 InnoDB: Mutexes and rw_locks use Windows interlocked functions
140423 12:50:29 InnoDB: Compressed tables use zlib 1.2.3
140423 12:50:29 InnoDB: Initializing buffer pool, size = 128.0M
140423 12:50:29 InnoDB: Completed initialization of buffer pool
140423 12:50:29 InnoDB: highest supported file format is Barracuda.
InnoDB: The log sequence number in ibdata files does not match
InnoDB: the log sequence number in the ib_logfiles!
140423 12:50:29  InnoDB: Database was not shut down normally!
InnoDB: Starting crash recovery.
InnoDB: Reading tablespace information from the .ibd files...
InnoDB: Restoring possible half-written data pages from the doublewrite
InnoDB: buffer...
140423 12:50:30  InnoDB: Waiting for the background threads to start
140423 12:50:31 InnoDB: 1.1.8 started; log sequence number 2431928
140423 12:50:31 [Note] Server hostname (bind-address): '0.0.0.0'; port: 3306
140423 12:50:31 [Note]   - '0.0.0.0' resolves to '0.0.0.0';
140423 12:50:31 [Note] Server socket created on IP: '0.0.0.0'.
140423 12:50:33 [Note] Event Scheduler: Loaded 0 events
140423 12:50:33 [Note] mysql\bin\mysqld.exe: ready for connections.
Version: '5.5.28'  socket: ''  port: 3306  MySQL Community Server (GPL)
140423 13:00:17 [Note] Plugin 'FEDERATED' is disabled.
140423 13:00:17 InnoDB: The InnoDB memory heap is disabled
140423 13:00:17 InnoDB: Mutexes and rw_locks use Windows interlocked functions
140423 13:00:17 InnoDB: Compressed tables use zlib 1.2.3
140423 13:00:17 InnoDB: Initializing buffer pool, size = 47.0M
140423 13:00:17 InnoDB: Completed initialization of buffer pool
InnoDB: Error: log file .\ib_logfile0 is of different size 0 5242880 bytes
InnoDB: than specified in the .cnf file 0 25165824 bytes!
140423 13:00:17 [ERROR] Plugin 'InnoDB' init function returned error.
140423 13:00:17 [ERROR] Plugin 'InnoDB' registration as a STORAGE ENGINE failed.
140423 13:00:17 [ERROR] Unknown/unsupported storage engine: INNODB
140423 13:00:17 [ERROR] Aborting

140423 13:00:17 [Note] bin\mysqld.exe: Shutdown complete

140423 13:00:20 [Note] Plugin 'FEDERATED' is disabled.
140423 13:00:20 InnoDB: The InnoDB memory heap is disabled
140423 13:00:20 InnoDB: Mutexes and rw_locks use Windows interlocked functions
140423 13:00:20 InnoDB: Compressed tables use zlib 1.2.3
140423 13:00:20 InnoDB: Initializing buffer pool, size = 47.0M
140423 13:00:20 InnoDB: Completed initialization of buffer pool
InnoDB: Error: log file .\ib_logfile0 is of different size 0 5242880 bytes
InnoDB: than specified in the .cnf file 0 25165824 bytes!
140423 13:00:20 [ERROR] Plugin 'InnoDB' init function returned error.
140423 13:00:20 [ERROR] Plugin 'InnoDB' registration as a STORAGE ENGINE failed.
140423 13:00:20 [ERROR] Unknown/unsupported storage engine: INNODB
140423 13:00:20 [ERROR] Aborting

140423 13:00:20 [Note] bin\mysqld.exe: Shutdown complete

140423 13:00:41 [Note] Plugin 'FEDERATED' is disabled.
140423 13:00:41 InnoDB: The InnoDB memory heap is disabled
140423 13:00:41 InnoDB: Mutexes and rw_locks use Windows interlocked functions
140423 13:00:41 InnoDB: Compressed tables use zlib 1.2.3
140423 13:00:41 InnoDB: Initializing buffer pool, size = 128.0M
140423 13:00:41 InnoDB: Completed initialization of buffer pool
140423 13:00:41 InnoDB: highest supported file format is Barracuda.
InnoDB: The log sequence number in ibdata files does not match
InnoDB: the log sequence number in the ib_logfiles!
140423 13:00:41  InnoDB: Database was not shut down normally!
InnoDB: Starting crash recovery.
InnoDB: Reading tablespace information from the .ibd files...
InnoDB: Restoring possible half-written data pages from the doublewrite
InnoDB: buffer...
140423 13:00:42  InnoDB: Waiting for the background threads to start
140423 13:00:43 InnoDB: 1.1.8 started; log sequence number 2431938
140423 13:00:43 [Note] Server hostname (bind-address): '0.0.0.0'; port: 3306
140423 13:00:43 [Note]   - '0.0.0.0' resolves to '0.0.0.0';
140423 13:00:43 [Note] Server socket created on IP: '0.0.0.0'.
140423 13:00:43 [Note] bin\mysqld.exe: ready for connections.
Version: '5.5.28'  socket: ''  port: 3306  MySQL Community Server (GPL)
140423 13:02:24 [Note] Plugin 'FEDERATED' is disabled.
140423 13:02:24 InnoDB: The InnoDB memory heap is disabled
140423 13:02:24 InnoDB: Mutexes and rw_locks use Windows interlocked functions
140423 13:02:24 InnoDB: Compressed tables use zlib 1.2.3
140423 13:02:24 InnoDB: Initializing buffer pool, size = 128.0M
140423 13:02:24 InnoDB: Completed initialization of buffer pool
140423 13:02:24 InnoDB: highest supported file format is Barracuda.
InnoDB: The log sequence number in ibdata files does not match
InnoDB: the log sequence number in the ib_logfiles!
140423 13:02:24  InnoDB: Database was not shut down normally!
InnoDB: Starting crash recovery.
InnoDB: Reading tablespace information from the .ibd files...
InnoDB: Restoring possible half-written data pages from the doublewrite
InnoDB: buffer...
140423 13:02:26  InnoDB: Waiting for the background threads to start
140423 13:02:27 InnoDB: 1.1.8 started; log sequence number 2431938
140423 13:02:27 [Note] Server hostname (bind-address): '0.0.0.0'; port: 3306
140423 13:02:27 [Note]   - '0.0.0.0' resolves to '0.0.0.0';
140423 13:02:27 [Note] Server socket created on IP: '0.0.0.0'.
140423 13:02:27 [Note] Event Scheduler: Loaded 0 events
140423 13:02:27 [Note] bin\mysqld.exe: ready for connections.
Version: '5.5.28'  socket: ''  port: 3306  MySQL Community Server (GPL)
140423 13:07:00 [Note] Plugin 'FEDERATED' is disabled.
140423 13:07:00 InnoDB: The InnoDB memory heap is disabled
140423 13:07:00 InnoDB: Mutexes and rw_locks use Windows interlocked functions
140423 13:07:00 InnoDB: Compressed tables use zlib 1.2.3
140423 13:07:00 InnoDB: Initializing buffer pool, size = 128.0M
140423 13:07:00 InnoDB: Completed initialization of buffer pool
140423 13:07:00 InnoDB: highest supported file format is Barracuda.
InnoDB: The log sequence number in ibdata files does not match
InnoDB: the log sequence number in the ib_logfiles!
140423 13:07:00  InnoDB: Database was not shut down normally!
InnoDB: Starting crash recovery.
InnoDB: Reading tablespace information from the .ibd files...
InnoDB: Restoring possible half-written data pages from the doublewrite
InnoDB: buffer...
140423 13:07:01  InnoDB: Waiting for the background threads to start
140423 13:07:02 InnoDB: 1.1.8 started; log sequence number 3436164
140423 13:07:02 [Note] Server hostname (bind-address): '0.0.0.0'; port: 3306
140423 13:07:02 [Note]   - '0.0.0.0' resolves to '0.0.0.0';
140423 13:07:02 [Note] Server socket created on IP: '0.0.0.0'.
140423 13:07:02 [Note] Event Scheduler: Loaded 0 events
140423 13:07:02 [Note] bin\mysqld.exe: ready for connections.
Version: '5.5.28'  socket: ''  port: 3306  MySQL Community Server (GPL)
140423 13:08:31 [Note] Plugin 'FEDERATED' is disabled.
140423 13:08:31 InnoDB: The InnoDB memory heap is disabled
140423 13:08:31 InnoDB: Mutexes and rw_locks use Windows interlocked functions
140423 13:08:31 InnoDB: Compressed tables use zlib 1.2.3
140423 13:08:31 InnoDB: Initializing buffer pool, size = 128.0M
140423 13:08:31 InnoDB: Completed initialization of buffer pool
140423 13:08:31 InnoDB: highest supported file format is Barracuda.
InnoDB: The log sequence number in ibdata files does not match
InnoDB: the log sequence number in the ib_logfiles!
140423 13:08:31  InnoDB: Database was not shut down normally!
InnoDB: Starting crash recovery.
InnoDB: Reading tablespace information from the .ibd files...
InnoDB: Restoring possible half-written data pages from the doublewrite
InnoDB: buffer...
140423 13:08:32  InnoDB: Waiting for the background threads to start
140423 13:08:33 InnoDB: 1.1.8 started; log sequence number 3437079
140423 13:08:33 [Note] Server hostname (bind-address): '0.0.0.0'; port: 3306
140423 13:08:33 [Note]   - '0.0.0.0' resolves to '0.0.0.0';
140423 13:08:33 [Note] Server socket created on IP: '0.0.0.0'.
140423 13:08:33 [Note] Event Scheduler: Loaded 0 events
140423 13:08:33 [Note] bin\mysqld.exe: ready for connections.
Version: '5.5.28'  socket: ''  port: 3306  MySQL Community Server (GPL)
140517  2:29:07 [Note] Plugin 'FEDERATED' is disabled.
140517  2:29:07 InnoDB: The InnoDB memory heap is disabled
140517  2:29:07 InnoDB: Mutexes and rw_locks use Windows interlocked functions
140517  2:29:07 InnoDB: Compressed tables use zlib 1.2.3
140517  2:29:07 InnoDB: Initializing buffer pool, size = 128.0M
140517  2:29:07 InnoDB: Completed initialization of buffer pool
140517  2:29:07 InnoDB: highest supported file format is Barracuda.
InnoDB: The log sequence number in ibdata files does not match
InnoDB: the log sequence number in the ib_logfiles!
140517  2:29:07  InnoDB: Database was not shut down normally!
InnoDB: Starting crash recovery.
InnoDB: Reading tablespace information from the .ibd files...
InnoDB: Restoring possible half-written data pages from the doublewrite
InnoDB: buffer...
140517  2:29:08  InnoDB: Waiting for the background threads to start
140517  2:29:09 InnoDB: 1.1.8 started; log sequence number 3438974
140517  2:29:09 [Note] Server hostname (bind-address): '0.0.0.0'; port: 3306
140517  2:29:09 [Note]   - '0.0.0.0' resolves to '0.0.0.0';
140517  2:29:09 [Note] Server socket created on IP: '0.0.0.0'.
140517  2:29:09 [ERROR] Can't start server: Bind on TCP/IP port: No such file or directory
140517  2:29:09 [ERROR] Do you already have another mysqld server running on port: 3306 ?
140517  2:29:09 [ERROR] Aborting

140517  2:29:09  InnoDB: Starting shutdown...
140517  2:29:10  InnoDB: Shutdown completed; log sequence number 3438974
140517  2:29:10 [Note] bin\mysqld.exe: Shutdown complete

140517  2:30:16 [Note] Plugin 'FEDERATED' is disabled.
140517  2:30:16 InnoDB: The InnoDB memory heap is disabled
140517  2:30:16 InnoDB: Mutexes and rw_locks use Windows interlocked functions
140517  2:30:16 InnoDB: Compressed tables use zlib 1.2.3
140517  2:30:16 InnoDB: Initializing buffer pool, size = 128.0M
140517  2:30:16 InnoDB: Completed initialization of buffer pool
140517  2:30:16 InnoDB: highest supported file format is Barracuda.
140517  2:30:17  InnoDB: Waiting for the background threads to start
140517  2:30:18 InnoDB: 1.1.8 started; log sequence number 3438974
140517  2:30:18 [Note] Server hostname (bind-address): '0.0.0.0'; port: 3306
140517  2:30:18 [Note]   - '0.0.0.0' resolves to '0.0.0.0';
140517  2:30:18 [Note] Server socket created on IP: '0.0.0.0'.
140517  2:30:18 [Note] Event Scheduler: Loaded 0 events
140517  2:30:18 [Note] bin\mysqld.exe: ready for connections.
Version: '5.5.28'  socket: ''  port: 3306  MySQL Community Server (GPL)
140517  8:36:07 [Note] Plugin 'FEDERATED' is disabled.
140517  8:36:07 InnoDB: The InnoDB memory heap is disabled
140517  8:36:07 InnoDB: Mutexes and rw_locks use Windows interlocked functions
140517  8:36:07 InnoDB: Compressed tables use zlib 1.2.3
140517  8:36:07 InnoDB: Initializing buffer pool, size = 128.0M
140517  8:36:07 InnoDB: Completed initialization of buffer pool
140517  8:36:07 InnoDB: highest supported file format is Barracuda.
InnoDB: The log sequence number in ibdata files does not match
InnoDB: the log sequence number in the ib_logfiles!
140517  8:36:07  InnoDB: Database was not shut down normally!
InnoDB: Starting crash recovery.
InnoDB: Reading tablespace information from the .ibd files...
InnoDB: Restoring possible half-written data pages from the doublewrite
InnoDB: buffer...
140517  8:36:08  InnoDB: Waiting for the background threads to start
140517  8:36:09 InnoDB: 1.1.8 started; log sequence number 3439502
140517  8:36:09 [Note] Server hostname (bind-address): '0.0.0.0'; port: 3306
140517  8:36:09 [Note]   - '0.0.0.0' resolves to '0.0.0.0';
140517  8:36:09 [Note] Server socket created on IP: '0.0.0.0'.
140517  8:36:09 [Note] Event Scheduler: Loaded 0 events
140517  8:36:09 [Note] bin\mysqld.exe: ready for connections.
Version: '5.5.28'  socket: ''  port: 3306  MySQL Community Server (GPL)
140517  9:01:55 [Note] Plugin 'FEDERATED' is disabled.
140517  9:01:55 InnoDB: The InnoDB memory heap is disabled
140517  9:01:55 InnoDB: Mutexes and rw_locks use Windows interlocked functions
140517  9:01:55 InnoDB: Compressed tables use zlib 1.2.3
140517  9:01:55 InnoDB: Initializing buffer pool, size = 128.0M
140517  9:01:55 InnoDB: Completed initialization of buffer pool
140517  9:01:55  InnoDB: Operating system error number 32 in a file operation.
InnoDB: The error means that another program is using InnoDB's files.
InnoDB: This might be a backup or antivirus software or another instance
InnoDB: of MySQL. Please close it to get rid of this error.
140517  9:02:05 InnoDB: highest supported file format is Barracuda.
InnoDB: The log sequence number in ibdata files does not match
InnoDB: the log sequence number in the ib_logfiles!
140517  9:02:05  InnoDB: Database was not shut down normally!
InnoDB: Starting crash recovery.
InnoDB: Reading tablespace information from the .ibd files...
InnoDB: Restoring possible half-written data pages from the doublewrite
InnoDB: buffer...
140517  9:02:06  InnoDB: Waiting for the background threads to start
140517  9:02:09 [Note] Plugin 'FEDERATED' is disabled.
140517  9:02:09 InnoDB: The InnoDB memory heap is disabled
140517  9:02:09 InnoDB: Mutexes and rw_locks use Windows interlocked functions
140517  9:02:09 InnoDB: Compressed tables use zlib 1.2.3
140517  9:02:09 InnoDB: Initializing buffer pool, size = 128.0M
140517  9:02:09 InnoDB: Completed initialization of buffer pool
140517  9:02:09 InnoDB: highest supported file format is Barracuda.
InnoDB: The log sequence number in ibdata files does not match
InnoDB: the log sequence number in the ib_logfiles!
140517  9:02:09  InnoDB: Database was not shut down normally!
InnoDB: Starting crash recovery.
InnoDB: Reading tablespace information from the .ibd files...
InnoDB: Restoring possible half-written data pages from the doublewrite
InnoDB: buffer...
140517  9:02:10  InnoDB: Waiting for the background threads to start
140517  9:02:11 InnoDB: 1.1.8 started; log sequence number 3452210
140517  9:02:11 [Note] Server hostname (bind-address): '0.0.0.0'; port: 3306
140517  9:02:11 [Note]   - '0.0.0.0' resolves to '0.0.0.0';
140517  9:02:11 [Note] Server socket created on IP: '0.0.0.0'.
140517  9:02:11 [Note] Event Scheduler: Loaded 0 events
140517  9:02:11 [Note] bin\mysqld.exe: ready for connections.
Version: '5.5.28'  socket: ''  port: 3306  MySQL Community Server (GPL)
140517  9:10:09 [Note] Plugin 'FEDERATED' is disabled.
140517  9:10:09 InnoDB: The InnoDB memory heap is disabled
140517  9:10:09 InnoDB: Mutexes and rw_locks use Windows interlocked functions
140517  9:10:09 InnoDB: Compressed tables use zlib 1.2.3
140517  9:10:09 InnoDB: Initializing buffer pool, size = 128.0M
140517  9:10:09 InnoDB: Completed initialization of buffer pool
140517  9:10:09 InnoDB: highest supported file format is Barracuda.
InnoDB: The log sequence number in ibdata files does not match
InnoDB: the log sequence number in the ib_logfiles!
140517  9:10:09  InnoDB: Database was not shut down normally!
InnoDB: Starting crash recovery.
InnoDB: Reading tablespace information from the .ibd files...
InnoDB: Restoring possible half-written data pages from the doublewrite
InnoDB: buffer...
140517  9:10:10  InnoDB: Waiting for the background threads to start
140517  9:10:11 InnoDB: 1.1.8 started; log sequence number 3452220
140517  9:10:11 [Note] Server hostname (bind-address): '0.0.0.0'; port: 3306
140517  9:10:11 [Note]   - '0.0.0.0' resolves to '0.0.0.0';
140517  9:10:11 [Note] Server socket created on IP: '0.0.0.0'.
140517  9:10:11 [Note] Event Scheduler: Loaded 0 events
140517  9:10:11 [Note] bin\mysqld.exe: ready for connections.
Version: '5.5.28'  socket: ''  port: 3306  MySQL Community Server (GPL)
140517 11:41:40 [Note] Plugin 'FEDERATED' is disabled.
140517 11:41:40 InnoDB: The InnoDB memory heap is disabled
140517 11:41:40 InnoDB: Mutexes and rw_locks use Windows interlocked functions
140517 11:41:40 InnoDB: Compressed tables use zlib 1.2.3
140517 11:41:40 InnoDB: Initializing buffer pool, size = 128.0M
140517 11:41:40 InnoDB: Completed initialization of buffer pool
140517 11:41:40 InnoDB: highest supported file format is Barracuda.
InnoDB: The log sequence number in ibdata files does not match
InnoDB: the log sequence number in the ib_logfiles!
140517 11:41:40  InnoDB: Database was not shut down normally!
InnoDB: Starting crash recovery.
InnoDB: Reading tablespace information from the .ibd files...
InnoDB: Restoring possible half-written data pages from the doublewrite
InnoDB: buffer...
140517 11:41:40  InnoDB: Waiting for the background threads to start
140517 11:41:41 InnoDB: 1.1.8 started; log sequence number 3480854
140517 11:41:41 [Note] Server hostname (bind-address): '0.0.0.0'; port: 3306
140517 11:41:41 [Note]   - '0.0.0.0' resolves to '0.0.0.0';
140517 11:41:41 [Note] Server socket created on IP: '0.0.0.0'.
140517 11:41:41 [Note] Event Scheduler: Loaded 0 events
140517 11:41:41 [Note] bin\mysqld.exe: ready for connections.
Version: '5.5.28'  socket: ''  port: 3306  MySQL Community Server (GPL)
140517 11:51:56 [Note] Plugin 'FEDERATED' is disabled.
140517 11:51:56 InnoDB: The InnoDB memory heap is disabled
140517 11:51:56 InnoDB: Mutexes and rw_locks use Windows interlocked functions
140517 11:51:56 InnoDB: Compressed tables use zlib 1.2.3
140517 11:51:56 InnoDB: Initializing buffer pool, size = 128.0M
140517 11:51:56 InnoDB: Completed initialization of buffer pool
140517 11:51:56 InnoDB: highest supported file format is Barracuda.
InnoDB: The log sequence number in ibdata files does not match
InnoDB: the log sequence number in the ib_logfiles!
140517 11:51:56  InnoDB: Database was not shut down normally!
InnoDB: Starting crash recovery.
InnoDB: Reading tablespace information from the .ibd files...
InnoDB: Restoring possible half-written data pages from the doublewrite
InnoDB: buffer...
140517 11:51:57  InnoDB: Waiting for the background threads to start
140517 11:51:58 InnoDB: 1.1.8 started; log sequence number 3480864
140517 11:51:58 [Note] Server hostname (bind-address): '0.0.0.0'; port: 3306
140517 11:51:58 [Note]   - '0.0.0.0' resolves to '0.0.0.0';
140517 11:51:58 [Note] Server socket created on IP: '0.0.0.0'.
140517 11:51:58 [Note] Event Scheduler: Loaded 0 events
140517 11:51:58 [Note] bin\mysqld.exe: ready for connections.
Version: '5.5.28'  socket: ''  port: 3306  MySQL Community Server (GPL)
140517 11:53:16 [Note] Plugin 'FEDERATED' is disabled.
140517 11:53:16 InnoDB: The InnoDB memory heap is disabled
140517 11:53:16 InnoDB: Mutexes and rw_locks use Windows interlocked functions
140517 11:53:16 InnoDB: Compressed tables use zlib 1.2.3
140517 11:53:16 InnoDB: Initializing buffer pool, size = 128.0M
140517 11:53:16 InnoDB: Completed initialization of buffer pool
140517 11:53:16  InnoDB: Operating system error number 32 in a file operation.
InnoDB: The error means that another program is using InnoDB's files.
InnoDB: This might be a backup or antivirus software or another instance
InnoDB: of MySQL. Please close it to get rid of this error.
140517 11:53:20 [Note] bin\mysqld.exe: Normal shutdown

140517 11:53:20 [Note] Event Scheduler: Purging the queue. 0 events
140517 11:53:20  InnoDB: Starting shutdown...
140517 11:53:20  InnoDB: Shutdown completed; log sequence number 3480874
140517 11:53:20 [Note] bin\mysqld.exe: Shutdown complete

140517 11:53:26 InnoDB: highest supported file format is Barracuda.
140517 11:53:27  InnoDB: Waiting for the background threads to start
140517 11:53:28 InnoDB: 1.1.8 started; log sequence number 3480874
140517 11:53:28 [Note] Server hostname (bind-address): '0.0.0.0'; port: 3306
140517 11:53:28 [Note]   - '0.0.0.0' resolves to '0.0.0.0';
140517 11:53:28 [Note] Server socket created on IP: '0.0.0.0'.
140517 11:53:28 [Note] Event Scheduler: Loaded 0 events
140517 11:53:28 [Note] bin\mysqld.exe: ready for connections.
Version: '5.5.28'  socket: ''  port: 3306  MySQL Community Server (GPL)
140517 13:03:06 [Note] Plugin 'FEDERATED' is disabled.
140517 13:03:06 InnoDB: The InnoDB memory heap is disabled
140517 13:03:06 InnoDB: Mutexes and rw_locks use Windows interlocked functions
140517 13:03:06 InnoDB: Compressed tables use zlib 1.2.3
140517 13:03:06 InnoDB: Initializing buffer pool, size = 128.0M
140517 13:03:06 InnoDB: Completed initialization of buffer pool
140517 13:03:06  InnoDB: Operating system error number 32 in a file operation.
InnoDB: The error means that another program is using InnoDB's files.
InnoDB: This might be a backup or antivirus software or another instance
InnoDB: of MySQL. Please close it to get rid of this error.
140517 13:03:13 [Note] bin\mysqld.exe: Normal shutdown

140517 13:03:13 [Note] Event Scheduler: Purging the queue. 0 events
140517 13:03:13  InnoDB: Starting shutdown...
140517 13:03:13  InnoDB: Shutdown completed; log sequence number 3480874
140517 13:03:13 [Note] bin\mysqld.exe: Shutdown complete

140517 13:03:16 InnoDB: highest supported file format is Barracuda.
140517 13:03:17  InnoDB: Waiting for the background threads to start
140517 13:03:18 InnoDB: 1.1.8 started; log sequence number 3480874
140517 13:03:18 [Note] Server hostname (bind-address): '0.0.0.0'; port: 3306
140517 13:03:18 [Note]   - '0.0.0.0' resolves to '0.0.0.0';
140517 13:03:18 [Note] Server socket created on IP: '0.0.0.0'.
140517 13:03:18 [Note] Event Scheduler: Loaded 0 events
140517 13:03:18 [Note] bin\mysqld.exe: ready for connections.
Version: '5.5.28'  socket: ''  port: 3306  MySQL Community Server (GPL)
140517 13:03:26 [Note] bin\mysqld.exe: Normal shutdown

140517 13:03:26 [Note] Event Scheduler: Purging the queue. 0 events
140517 13:03:26  InnoDB: Starting shutdown...
140517 13:03:26  InnoDB: Shutdown completed; log sequence number 3480874
140517 13:03:26 [Note] bin\mysqld.exe: Shutdown complete

140517 13:03:44 [Note] Plugin 'FEDERATED' is disabled.
140517 13:03:44 InnoDB: The InnoDB memory heap is disabled
140517 13:03:44 InnoDB: Mutexes and rw_locks use Windows interlocked functions
140517 13:03:44 InnoDB: Compressed tables use zlib 1.2.3
140517 13:03:44 InnoDB: Initializing buffer pool, size = 128.0M
140517 13:03:45 InnoDB: Completed initialization of buffer pool
140517 13:03:45 InnoDB: highest supported file format is Barracuda.
140517 13:03:45  InnoDB: Waiting for the background threads to start
140517 13:03:46 InnoDB: 1.1.8 started; log sequence number 3480874
140517 13:03:46 [Note] Server hostname (bind-address): '0.0.0.0'; port: 3306
140517 13:03:46 [Note]   - '0.0.0.0' resolves to '0.0.0.0';
140517 13:03:46 [Note] Server socket created on IP: '0.0.0.0'.
140517 13:03:46 [Note] Event Scheduler: Loaded 0 events
140517 13:03:46 [Note] bin\mysqld.exe: ready for connections.
Version: '5.5.28'  socket: ''  port: 3306  MySQL Community Server (GPL)
140517 13:04:54 [Note] bin\mysqld.exe: Normal shutdown

140517 13:04:54 [Note] Event Scheduler: Purging the queue. 0 events
140517 13:04:54  InnoDB: Starting shutdown...
140517 13:04:56  InnoDB: Shutdown completed; log sequence number 3480884
140517 13:04:56 [Note] bin\mysqld.exe: Shutdown complete

140517 13:18:37 [Note] Plugin 'FEDERATED' is disabled.
140517 13:18:37 InnoDB: The InnoDB memory heap is disabled
140517 13:18:37 InnoDB: Mutexes and rw_locks use Windows interlocked functions
140517 13:18:37 InnoDB: Compressed tables use zlib 1.2.3
140517 13:18:38 InnoDB: Initializing buffer pool, size = 128.0M
140517 13:18:38 InnoDB: Completed initialization of buffer pool
140517 13:18:38 InnoDB: highest supported file format is Barracuda.
140517 13:18:38  InnoDB: Waiting for the background threads to start
140517 13:18:39 InnoDB: 1.1.8 started; log sequence number 3480884
140517 13:18:39 [Note] Server hostname (bind-address): '0.0.0.0'; port: 3306
140517 13:18:39 [Note]   - '0.0.0.0' resolves to '0.0.0.0';
140517 13:18:39 [Note] Server socket created on IP: '0.0.0.0'.
140517 13:18:39 [Note] Event Scheduler: Loaded 0 events
140517 13:18:39 [Note] bin\mysqld.exe: ready for connections.
Version: '5.5.28'  socket: ''  port: 3306  MySQL Community Server (GPL)
140517 13:40:14 [Note] bin\mysqld.exe: Normal shutdown

140517 13:40:14 [Note] Event Scheduler: Purging the queue. 0 events
140517 13:40:14  InnoDB: Starting shutdown...
140517 13:40:16  InnoDB: Shutdown completed; log sequence number 3485512
140517 13:40:16 [Note] bin\mysqld.exe: Shutdown complete

140517 13:43:36 [Note] Plugin 'FEDERATED' is disabled.
140517 13:43:36 InnoDB: The InnoDB memory heap is disabled
140517 13:43:36 InnoDB: Mutexes and rw_locks use Windows interlocked functions
140517 13:43:36 InnoDB: Compressed tables use zlib 1.2.3
140517 13:43:36 InnoDB: Initializing buffer pool, size = 128.0M
140517 13:43:36 InnoDB: Completed initialization of buffer pool
140517 13:43:36 InnoDB: highest supported file format is Barracuda.
140517 13:43:37  InnoDB: Waiting for the background threads to start
140517 13:43:38 InnoDB: 1.1.8 started; log sequence number 3485512
140517 13:43:38 [Note] Server hostname (bind-address): '0.0.0.0'; port: 3306
140517 13:43:38 [Note]   - '0.0.0.0' resolves to '0.0.0.0';
140517 13:43:38 [Note] Server socket created on IP: '0.0.0.0'.
140517 13:43:38 [Note] Event Scheduler: Loaded 0 events
140517 13:43:38 [Note] bin\mysqld.exe: ready for connections.
Version: '5.5.28'  socket: ''  port: 3306  MySQL Community Server (GPL)
140517 13:44:45 [Note] bin\mysqld.exe: Normal shutdown

140517 13:44:45 [Note] Event Scheduler: Purging the queue. 0 events
140517 13:44:47  InnoDB: Starting shutdown...
140517 13:44:48  InnoDB: Shutdown completed; log sequence number 3485522
140517 13:44:48 [Note] bin\mysqld.exe: Shutdown complete

140517 13:46:05 [Note] Plugin 'FEDERATED' is disabled.
140517 13:46:05 InnoDB: The InnoDB memory heap is disabled
140517 13:46:05 InnoDB: Mutexes and rw_locks use Windows interlocked functions
140517 13:46:05 InnoDB: Compressed tables use zlib 1.2.3
140517 13:46:05 InnoDB: Initializing buffer pool, size = 128.0M
140517 13:46:05 InnoDB: Completed initialization of buffer pool
140517 13:46:05 InnoDB: highest supported file format is Barracuda.
140517 13:46:05  InnoDB: Waiting for the background threads to start
140517 13:46:06 InnoDB: 1.1.8 started; log sequence number 3485522
140517 13:46:06 [Note] Server hostname (bind-address): '0.0.0.0'; port: 3306
140517 13:46:06 [Note]   - '0.0.0.0' resolves to '0.0.0.0';
140517 13:46:06 [Note] Server socket created on IP: '0.0.0.0'.
140517 13:46:06 [Note] Event Scheduler: Loaded 0 events
140517 13:46:06 [Note] bin\mysqld.exe: ready for connections.
Version: '5.5.28'  socket: ''  port: 3306  MySQL Community Server (GPL)
140517 13:54:54 [Note] bin\mysqld.exe: Normal shutdown

140517 13:54:54 [Note] Event Scheduler: Purging the queue. 0 events
140517 13:54:54  InnoDB: Starting shutdown...
140517 13:54:55  InnoDB: Shutdown completed; log sequence number 3518035
140517 13:54:55 [Note] bin\mysqld.exe: Shutdown complete

